<?xml version="1.0" encoding="UTF-8"?>
<testng-results skipped="0" failed="0" ignored="0" total="1" passed="1">
  <reporter-output>
  </reporter-output>
  <suite name="Suite" duration-ms="4164" started-at="2019-09-14T08:21:09 BST" finished-at="2019-09-14T08:21:13 BST">
    <groups>
    </groups>
    <test name="Test" duration-ms="4164" started-at="2019-09-14T08:21:09 BST" finished-at="2019-09-14T08:21:13 BST">
      <class name="QA.GenerateLog">
        <test-method status="PASS" signature="Test()[pri:0, instance:QA.GenerateLog@610694f1]" name="Test" duration-ms="4129" started-at="2019-09-14T08:21:09 BST" finished-at="2019-09-14T08:21:13 BST">
          <reporter-output>
          </reporter-output>
        </test-method> <!-- Test -->
      </class> <!-- QA.GenerateLog -->
    </test> <!-- Test -->
  </suite> <!-- Suite -->
</testng-results>
